[debug] [2024-09-18T07:03:37.131Z] ----------------------------------------------------------------------
[debug] [2024-09-18T07:03:37.133Z] Command:       C:\Program Files\nodejs\node.exe C:\Users\colle\AppData\Roaming\npm\node_modules\firebase-tools\lib\bin\firebase.js init
[debug] [2024-09-18T07:03:37.134Z] CLI Version:   13.17.0
[debug] [2024-09-18T07:03:37.134Z] Platform:      win32
[debug] [2024-09-18T07:03:37.134Z] Node Version:  v20.15.1
[debug] [2024-09-18T07:03:37.134Z] Time:          Wed Sep 18 2024 12:33:37 GMT+0530 (India Standard Time)
[debug] [2024-09-18T07:03:37.135Z] ----------------------------------------------------------------------
[debug] 
[debug] [2024-09-18T07:03:37.219Z] > command requires scopes: ["email","openid","https://www.googleapis.com/auth/cloudplatformprojects.readonly","https://www.googleapis.com/auth/firebase","https://www.googleapis.com/auth/cloud-platform"]
[debug] [2024-09-18T07:03:37.219Z] > authorizing via signed-in user (22ucc017@lnmiit.ac.in)
[info] 
     ######## #### ########  ######## ########     ###     ######  ########
     ##        ##  ##     ## ##       ##     ##  ##   ##  ##       ##
     ######    ##  ########  ######   ########  #########  ######  ######
     ##        ##  ##    ##  ##       ##     ## ##     ##       ## ##
     ##       #### ##     ## ######## ########  ##     ##  ######  ########

You're about to initialize a Firebase project in this directory:

  C:\Users\colle\Downloads\Expense_tracker

Before we get started, keep in mind:

  * You are initializing within an existing Firebase project directory

[info] 
=== Project Setup
[info] 
[info] First, let's associate this project directory with a Firebase project.
[info] You can create multiple project aliases by running firebase use --add, 
[info] but for now we'll just set up a default project.
[info] 
[debug] [2024-09-18T07:04:14.901Z] Using project from CLI flag: expense-tracker-ade7d
[debug] [2024-09-18T07:04:14.904Z] >>> [apiv2][query] GET https://firebase.googleapis.com/v1beta1/projects/expense-tracker-ade7d [none]
[debug] [2024-09-18T07:04:15.563Z] <<< [apiv2][status] GET https://firebase.googleapis.com/v1beta1/projects/expense-tracker-ade7d 200
[debug] [2024-09-18T07:04:15.564Z] <<< [apiv2][body] GET https://firebase.googleapis.com/v1beta1/projects/expense-tracker-ade7d {"projectId":"expense-tracker-ade7d","projectNumber":"127824930088","displayName":"expense-tracker","name":"projects/expense-tracker-ade7d","resources":{"hostingSite":"expense-tracker-ade7d","realtimeDatabaseInstance":"expense-tracker-ade7d-default-rtdb"},"state":"ACTIVE","etag":"1_e805189d-71ce-4bd9-8635-2cc7b06ab029"}
[info] i  Using project expense-tracker-ade7d (expense-tracker) 
[info] 
=== Hosting Setup
[debug] [2024-09-18T07:04:15.573Z] >>> [apiv2][query] GET https://firebase.googleapis.com/v1beta1/projects/expense-tracker-ade7d [none]
[debug] [2024-09-18T07:04:16.767Z] <<< [apiv2][status] GET https://firebase.googleapis.com/v1beta1/projects/expense-tracker-ade7d 200
[debug] [2024-09-18T07:04:16.767Z] <<< [apiv2][body] GET https://firebase.googleapis.com/v1beta1/projects/expense-tracker-ade7d {"projectId":"expense-tracker-ade7d","projectNumber":"127824930088","displayName":"expense-tracker","name":"projects/expense-tracker-ade7d","resources":{"hostingSite":"expense-tracker-ade7d","realtimeDatabaseInstance":"expense-tracker-ade7d-default-rtdb"},"state":"ACTIVE","etag":"1_e805189d-71ce-4bd9-8635-2cc7b06ab029"}
[info] 
[info] Your public directory is the folder (relative to your project directory) that
[info] will contain Hosting assets to be uploaded with firebase deploy. If you
[info] have a build process for your assets, use your build's output directory.
[info] 
[info] i  Skipping write of public/404.html 
[debug] [2024-09-18T07:04:27.574Z] >>> [apiv2][query] GET https://www.gstatic.com/firebasejs/releases.json [none]
[debug] [2024-09-18T07:04:27.799Z] <<< [apiv2][status] GET https://www.gstatic.com/firebasejs/releases.json 200
[debug] [2024-09-18T07:04:27.799Z] <<< [apiv2][body] GET https://www.gstatic.com/firebasejs/releases.json {"current":{"version":"10.13.1","browserURL":"https://www.gstatic.com/firebasejs/10.13.1/firebase.js","packageURL":"https://www.gstatic.com/firebasejs/10.13.1/firebase.tgz"},"live":{"version":"10.13","browserURL":"https://www.gstatic.com/firebasejs/live/10.13/firebase.js","packageURL":"https://www.gstatic.com/firebasejs/live/10.13/firebase.tgz"},"components":{"analytics":"https://www.gstatic.com/firebasejs/10.13.1/firebase-analytics.js","app":"https://www.gstatic.com/firebasejs/10.13.1/firebase-app.js","app-check":"https://www.gstatic.com/firebasejs/10.13.1/firebase-app-check.js","auth":"https://www.gstatic.com/firebasejs/10.13.1/firebase-auth.js","auth/cordova":"https://www.gstatic.com/firebasejs/10.13.1/firebase-auth/cordova.js","auth/web-extension":"https://www.gstatic.com/firebasejs/10.13.1/firebase-auth/web-extension.js","functions":"https://www.gstatic.com/firebasejs/10.13.1/firebase-functions.js","firestore":"https://www.gstatic.com/firebasejs/10.13.1/firebase-firestore.js","firestore/lite":"https://www.gstatic.com/firebasejs/10.13.1/firebase-firestore/lite.js","installations":"https://www.gstatic.com/firebasejs/10.13.1/firebase-installations.js","storage":"https://www.gstatic.com/firebasejs/10.13.1/firebase-storage.js","performance":"https://www.gstatic.com/firebasejs/10.13.1/firebase-performance.js","remote-config":"https://www.gstatic.com/firebasejs/10.13.1/firebase-remote-config.js","messaging":"https://www.gstatic.com/firebasejs/10.13.1/firebase-messaging.js","messaging/sw":"https://www.gstatic.com/firebasejs/10.13.1/firebase-messaging/sw.js","database":"https://www.gstatic.com/firebasejs/10.13.1/firebase-database.js","vertexai-preview":"https://www.gstatic.com/firebasejs/10.13.1/firebase-vertexai-preview.js","firestore.memory":"https://www.gstatic.com/firebasejs/10.13.1/firebase-firestore.memory.js"}}
[info] +  Wrote public/index.html 
[info] 
[info] i  Didn't detect a .git folder. Assuming C:\Users\colle\Downloads\Expense_tracker is the project root. 
[info] i  Authorizing with GitHub to upload your service account to a GitHub repository's secrets store. 
[info] 
[info] Visit this URL on this device to log in:
[info] https://github.com/login/oauth/authorize?client_id=89cf50f02ac6aaed3484&state=512159035&redirect_uri=http%3A%2F%2Flocalhost%3A9005&scope=read%3Auser%20repo%20public_repo
[info] 
[info] Waiting for authentication...
[debug] [2024-09-18T07:04:42.228Z] >>> [apiv2][query] POST https://github.com/login/oauth/access_token [none]
[debug] [2024-09-18T07:04:42.229Z] >>> [apiv2][body] POST https://github.com/login/oauth/access_token [stream]
[debug] [2024-09-18T07:04:42.786Z] <<< [apiv2][status] POST https://github.com/login/oauth/access_token 200
[debug] [2024-09-18T07:04:42.786Z] <<< [apiv2][body] POST https://github.com/login/oauth/access_token {"access_token":"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","token_type":"bearer","scope":"read:user,repo"}
[debug] [2024-09-18T07:04:42.798Z] >>> [apiv2][query] GET https://api.github.com/user [none]
[debug] [2024-09-18T07:04:43.295Z] <<< [apiv2][status] GET https://api.github.com/user 200
[debug] [2024-09-18T07:04:43.296Z] <<< [apiv2][body] GET https://api.github.com/user {"login":"Ansh7096","id":122149911,"node_id":"U_kgDOB0fcFw","avatar_url":"https://avatars.githubusercontent.com/u/122149911?v=4","gravatar_id":"","url":"https://api.github.com/users/Ansh7096","html_url":"https://github.com/Ansh7096","followers_url":"https://api.github.com/users/Ansh7096/followers","following_url":"https://api.github.com/users/Ansh7096/following{/other_user}","gists_url":"https://api.github.com/users/Ansh7096/gists{/gist_id}","starred_url":"https://api.github.com/users/Ansh7096/starred{/owner}{/repo}","subscriptions_url":"https://api.github.com/users/Ansh7096/subscriptions","organizations_url":"https://api.github.com/users/Ansh7096/orgs","repos_url":"https://api.github.com/users/Ansh7096/repos","events_url":"https://api.github.com/users/Ansh7096/events{/privacy}","received_events_url":"https://api.github.com/users/Ansh7096/received_events","type":"User","site_admin":false,"name":null,"company":null,"blog":"","location":null,"email":null,"hireable":null,"bio":null,"twitter_username":null,"notification_email":null,"public_repos":14,"public_gists":0,"followers":3,"following":1,"created_at":"2023-01-07T08:57:07Z","updated_at":"2024-09-18T04:06:23Z","private_gists":0,"total_private_repos":1,"owned_private_repos":1,"disk_usage":37280,"collaborators":0,"two_factor_authentication":false,"plan":{"name":"free","space":976562499,"collaborators":0,"private_repos":10000}}
[info] 
[info] +  Success! Logged into GitHub as Ansh7096 
[info] 
